<?xml version="1.0" encoding="UTF-8"?>
<testsuite xmlns:xsi="http://www.w3.org/2001/XMLSchema-instance" xsi:noNamespaceSchemaLocation="https://maven.apache.org/surefire/maven-surefire-plugin/xsd/surefire-test-report.xsd" name="TestSuite" time="25.591" tests="2" errors="0" skipped="0" failures="1">
  <properties>
[...]
</properties>
  <testcase name="runScenario" classname="CucumberOptions.TestNGTestRunner" time="12.843"/>
  <testcase name="runScenario" classname="CucumberOptions.TestNGTestRunner" time="10.454">
    <failure message="expected [No data] but found [Beetroot]" type="java.lang.AssertionError">java.lang.AssertionError: expected [No data] but found [Beetroot]
</failure>
    <system-out><![CDATA[Main Page Product Name : Beetroot
]]></system-out>
    <system-err><![CDATA[Starting ChromeDriver 102.0.5005.61 (0e59bcc00cc4985ce39ad31c150065f159d95ad3-refs/branch-heads/5005@{#819}) on port 57387
Only local connections are allowed.
Please see https://chromedriver.chromium.org/security-considerations for suggestions on keeping ChromeDriver safe.
ChromeDriver was started successfully.
[1657975825.499][WARNING]: This version of ChromeDriver has not been tested with Chrome version 103.
Jul 16, 2022 8:50:25 AM org.openqa.selenium.remote.ProtocolHandshake createSession
INFO: Detected dialect: W3C
Jul 16, 2022 8:50:25 AM org.openqa.selenium.devtools.CdpVersionFinder findNearestMatch
WARNING: Unable to find an exact match for CDP version 103, so returning the closest version found: 101
Jul 16, 2022 8:50:25 AM org.openqa.selenium.devtools.CdpVersionFinder findNearestMatch
INFO: Found CDP implementation for version 103 of 101
]]></system-err>
  </testcase>
</testsuite>