<?xml version="1.0" encoding="UTF-8"?>
<!-- Generated by org.testng.reporters.JUnitReportReporter -->
<testsuite hostname="DESKTOP-H425LRN" failures="1" tests="1" name="CucumberOptions.FailedTestCases" time="15.455" errors="0" timestamp="2022-07-15T20:22:45 EDT" skipped="0">
  <testcase classname="CucumberOptions.FailedTestCases" name="runScenario" time="15.455">
    <failure message="expected [No data] but found [Beetroot]" type="java.lang.AssertionError">
      <![CDATA[java.lang.AssertionError: expected [No data] but found [Beetroot]
at org.testng.Assert.fail(Assert.java:97)
at org.testng.Assert.assertEqualsImpl(Assert.java:136)
at org.testng.Assert.assertEquals(Assert.java:118)
at org.testng.Assert.assertEquals(Assert.java:575)
at org.testng.Assert.assertEquals(Assert.java:585)
at stepDefinations.OfferPageStepDefinations.validate_whether_both_product_names_are_same(OfferPageStepDefinations.java:62)
at ✽.validate whether both product names are same(file:///C:/Users/vikas/RahulShettyCucumber/CucumberAutomationFramework/src/test/java/Features/SearchPrdouct.feature:8)
]]>
    </failure>
  </testcase> <!-- runScenario -->
  <system-out/>
</testsuite> <!-- CucumberOptions.FailedTestCases -->
